[CI] Get the SHA of the commit we are deploying
[CI] Cloning the repository in deploy directory (without master checkout)
[CI] Checking out the target branch
[CI] Cleaning up contents from deploy directory
[CI] Jekyll build
Configuration file: _config.yml
Configuration file: _config_collections.yml
Configuration file: _config_defaults.yml
            Source: /home/travis/build/SimCMinMax/herodamage
       Destination: deploy/
 Incremental build: disabled. Enable with --incremental
      Generating... 
[33m    Liquid Warning: Liquid syntax error (line 30): Expected id but found number in "entry.fightstyle == nil or entry.fightstyle == site.data.locale.layouts.simulations.fightstyles.1T" in /_layouts/class-index.jekyll[0m
[33m    Liquid Warning: Liquid syntax error (line 30): Expected id but found number in "entry.fightstyle == nil or entry.fightstyle == site.data.locale.layouts.simulations.fightstyles.1T" in /_layouts/class-index.jekyll[0m
[33m    Liquid Warning: Liquid syntax error (line 30): Expected id but found number in "entry.fightstyle == nil or entry.fightstyle == site.data.locale.layouts.simulations.fightstyles.1T" in /_layouts/class-index.jekyll[0m
[33m    Liquid Warning: Liquid syntax error (line 30): Expected id but found number in "entry.fightstyle == nil or entry.fightstyle == site.data.locale.layouts.simulations.fightstyles.1T" in /_layouts/class-index.jekyll[0m
[33m    Liquid Warning: Liquid syntax error (line 30): Expected id but found number in "entry.fightstyle == nil or entry.fightstyle == site.data.locale.layouts.simulations.fightstyles.1T" in /_layouts/class-index.jekyll[0m
[33m    Liquid Warning: Liquid syntax error (line 30): Expected id but found number in "entry.fightstyle == nil or entry.fightstyle == site.data.locale.layouts.simulations.fightstyles.1T" in /_layouts/class-index.jekyll[0m
[33m    Liquid Warning: Liquid syntax error (line 30): Expected id but found number in "entry.fightstyle == nil or entry.fightstyle == site.data.locale.layouts.simulations.fightstyles.1T" in /_layouts/class-index.jekyll[0m
[33m    Liquid Warning: Liquid syntax error (line 30): Expected id but found number in "entry.fightstyle == nil or entry.fightstyle == site.data.locale.layouts.simulations.fightstyles.1T" in /_layouts/class-index.jekyll[0m
[33m    Liquid Warning: Liquid syntax error (line 30): Expected id but found number in "entry.fightstyle == nil or entry.fightstyle == site.data.locale.layouts.simulations.fightstyles.1T" in /_layouts/class-index.jekyll[0m
[33m    Liquid Warning: Liquid syntax error (line 30): Expected id but found number in "entry.fightstyle == nil or entry.fightstyle == site.data.locale.layouts.simulations.fightstyles.1T" in /_layouts/class-index.jekyll[0m
[33m    Liquid Warning: Liquid syntax error (line 30): Expected id but found number in "entry.fightstyle == nil or entry.fightstyle == site.data.locale.layouts.simulations.fightstyles.1T" in /_layouts/class-index.jekyll[0m
[33m    Liquid Warning: Liquid syntax error (line 30): Expected id but found number in "entry.fightstyle == nil or entry.fightstyle == site.data.locale.layouts.simulations.fightstyles.1T" in /_layouts/class-index.jekyll[0m
